<?xml version="1.0" encoding="UTF-8"?>
<!-- Generated by org.testng.reporters.JUnitReportReporter -->
<testsuite hostname="DESKTOP-FAH3VGR" failures="0" tests="1" name="regression.AdactinHotelTC107" time="26.809" errors="0" timestamp="2025-05-26T12:49:19 IST" skipped="0">
  <testcase classname="regression.AdactinHotelTC107" name="adactinHotelTestTC107" time="26.809"/>
  <system-out/>
</testsuite> <!-- regression.AdactinHotelTC107 -->
