<?xml version="1.0" encoding="UTF-8"?>
<!-- Generated by org.testng.reporters.JUnitReportReporter -->
<testsuite hostname="DESKTOP-FAH3VGR" failures="0" tests="1" name="regression.AdactinHotelTC111" time="27.355" errors="0" timestamp="2025-05-27T13:59:41 IST" skipped="0">
  <testcase classname="regression.AdactinHotelTC111" name="adactinHotelTestTC111" time="27.355"/>
  <system-out/>
</testsuite> <!-- regression.AdactinHotelTC111 -->
