<?xml version="1.0" encoding="UTF-8"?>
<!-- Generated by org.testng.reporters.JUnitReportReporter -->
<testsuite hostname="DESKTOP-FAH3VGR" failures="0" tests="1" name="regression.AdactinHotelTC110" time="13.851" errors="0" timestamp="2025-05-26T17:04:47 IST" skipped="0">
  <testcase classname="regression.AdactinHotelTC110" name="adactinHotelTestTC110" time="13.851"/>
  <system-out/>
</testsuite> <!-- regression.AdactinHotelTC110 -->
