<?xml version="1.0" encoding="UTF-8"?>
<!-- Generated by org.testng.reporters.JUnitReportReporter -->
<testsuite hostname="DESKTOP-FAH3VGR" failures="0" tests="1" name="regression.AdactinHotelTC116" time="75.827" errors="0" timestamp="2025-05-28T16:15:39 IST" skipped="0">
  <testcase classname="regression.AdactinHotelTC116" name="adactinHotelTestTC116" time="75.827"/>
  <system-out/>
</testsuite> <!-- regression.AdactinHotelTC116 -->
