<?xml version="1.0" encoding="UTF-8"?>
<!-- Generated by org.testng.reporters.JUnitReportReporter -->
<testsuite hostname="DESKTOP-FAH3VGR" failures="0" tests="1" name="regression.ValidateLoginUsingPOM" time="3.888" errors="0" timestamp="2025-05-21T11:55:31 IST" skipped="0">
  <testcase classname="regression.ValidateLoginUsingPOM" name="validateLoginTest" time="3.888"/>
  <system-out/>
</testsuite> <!-- regression.ValidateLoginUsingPOM -->
