<?xml version="1.0" encoding="UTF-8"?>
<!-- Generated by org.testng.reporters.JUnitReportReporter -->
<testsuite hostname="DESKTOP-FAH3VGR" failures="0" tests="1" name="regression.AdactinHotelTC102" time="30.813" errors="0" timestamp="2025-05-22T15:33:18 IST" skipped="0">
  <testcase classname="regression.AdactinHotelTC102" name="adactinHotelTestTC102" time="30.813"/>
  <system-out/>
</testsuite> <!-- regression.AdactinHotelTC102 -->
