<?xml version="1.0" encoding="UTF-8"?>
<!-- Generated by org.testng.reporters.JUnitReportReporter -->
<testsuite hostname="DESKTOP-FAH3VGR" failures="0" tests="1" name="regression.AdactinHotelTC104" time="17.720" errors="0" timestamp="2025-06-07T11:42:35 IST" skipped="0">
  <testcase classname="regression.AdactinHotelTC104" name="adactinHotelTestTC104" time="17.720"/>
  <system-out/>
</testsuite> <!-- regression.AdactinHotelTC104 -->
