<?xml version="1.0" encoding="UTF-8"?>
<!-- Generated by org.testng.reporters.JUnitReportReporter -->
<testsuite hostname="DESKTOP-FAH3VGR" failures="0" tests="1" name="regression.AdactinHotelTC112" time="23.325" errors="0" timestamp="2025-05-27T16:53:22 IST" skipped="0">
  <testcase classname="regression.AdactinHotelTC112" name="adactinHotelTestTC112" time="23.325"/>
  <system-out/>
</testsuite> <!-- regression.AdactinHotelTC112 -->
