<?xml version="1.0" encoding="UTF-8"?>
<!-- Generated by org.testng.reporters.JUnitReportReporter -->
<testsuite hostname="DESKTOP-FAH3VGR" failures="0" tests="1" name="regression.AdactinHotelTC117" time="233.253" errors="0" timestamp="2025-05-28T18:10:03 IST" skipped="0">
  <testcase classname="regression.AdactinHotelTC117" name="adactinHotelTestTC117" time="233.253"/>
  <system-out/>
</testsuite> <!-- regression.AdactinHotelTC117 -->
