<?xml version="1.0" encoding="UTF-8"?>
<!-- Generated by org.testng.reporters.JUnitReportReporter -->
<testsuite hostname="DESKTOP-FAH3VGR" failures="0" tests="1" name="regression.AdactinHotelTC113" time="113.108" errors="0" timestamp="2025-05-27T17:49:00 IST" skipped="0">
  <testcase classname="regression.AdactinHotelTC113" name="adactinHotelTestTC113" time="113.108"/>
  <system-out/>
</testsuite> <!-- regression.AdactinHotelTC113 -->
