<?xml version="1.0" encoding="UTF-8"?>
<!-- Generated by org.testng.reporters.JUnitReportReporter -->
<testsuite hostname="DESKTOP-FAH3VGR" failures="0" tests="1" name="regression.AdactinHotelTC114" time="34.445" errors="0" timestamp="2025-05-27T18:27:03 IST" skipped="0">
  <testcase classname="regression.AdactinHotelTC114" name="adactinHotelTestTC113" time="34.445"/>
  <system-out/>
</testsuite> <!-- regression.AdactinHotelTC114 -->
