<?xml version="1.0" encoding="UTF-8"?>
<!-- Generated by org.testng.reporters.JUnitReportReporter -->
<testsuite hostname="DESKTOP-FAH3VGR" failures="0" tests="1" name="regression.ValidateLoginUsingPOMDataProvider" time="20.956" errors="0" timestamp="2025-05-22T13:05:33 IST" skipped="0">
  <testcase classname="regression.ValidateLoginUsingPOMDataProvider" name="validateLoginTest" time="20.956"/>
  <system-out/>
</testsuite> <!-- regression.ValidateLoginUsingPOMDataProvider -->
