<?xml version="1.0" encoding="UTF-8"?>
<!-- Generated by org.testng.reporters.JUnitReportReporter -->
<testsuite hostname="DESKTOP-FAH3VGR" failures="0" tests="1" name="regression.AdactinHotelTC106" time="24.654" errors="0" timestamp="2025-05-22T16:41:54 IST" skipped="0">
  <testcase classname="regression.AdactinHotelTC106" name="adactinHotelTestTC106" time="24.654"/>
  <system-out/>
</testsuite> <!-- regression.AdactinHotelTC106 -->
