<?xml version="1.0" encoding="UTF-8"?>
<!-- Generated by org.testng.reporters.JUnitReportReporter -->
<testsuite hostname="DESKTOP-FAH3VGR" failures="0" tests="1" name="regression.AdactinHotelTC109" time="25.722" errors="0" timestamp="2025-05-26T16:35:48 IST" skipped="0">
  <testcase classname="regression.AdactinHotelTC109" name="adactinHotelTestTC109" time="25.722"/>
  <system-out/>
</testsuite> <!-- regression.AdactinHotelTC109 -->
