<?xml version="1.0" encoding="UTF-8"?>
<!-- Generated by org.testng.reporters.JUnitReportReporter -->
<testsuite hostname="DESKTOP-FAH3VGR" failures="0" tests="1" name="regression.AdactinHotelTC103" time="19.322" errors="0" timestamp="2025-05-27T13:42:33 IST" skipped="0">
  <testcase classname="regression.AdactinHotelTC103" name="adactinHotelTestTC103" time="19.322"/>
  <system-out/>
</testsuite> <!-- regression.AdactinHotelTC103 -->
