<?xml version="1.0" encoding="UTF-8"?>
<!-- Generated by org.testng.reporters.JUnitReportReporter -->
<testsuite hostname="DESKTOP-FAH3VGR" failures="0" tests="1" name="regression.AdactinHotelTC104" time="24.230" errors="0" timestamp="2025-05-22T13:05:33 IST" skipped="0">
  <testcase classname="regression.AdactinHotelTC104" name="adactinHotelTestTC104" time="24.230"/>
  <system-out/>
</testsuite> <!-- regression.AdactinHotelTC104 -->
