<?xml version="1.0" encoding="UTF-8"?>
<!-- Generated by org.testng.reporters.JUnitReportReporter -->
<testsuite hostname="DESKTOP-FAH3VGR" failures="0" tests="1" name="regression.ValidateLoginUsingPOMDataProvider" time="23.616" errors="0" timestamp="2025-05-21T18:39:25 IST" skipped="0">
  <testcase classname="regression.ValidateLoginUsingPOMDataProvider" name="validateLoginTest" time="23.616"/>
  <system-out/>
</testsuite> <!-- regression.ValidateLoginUsingPOMDataProvider -->
