<?xml version="1.0" encoding="UTF-8"?>
<!-- Generated by org.testng.reporters.JUnitReportReporter -->
<testsuite hostname="DESKTOP-FAH3VGR" failures="0" tests="1" name="regression.AdactinHotelTC105" time="29.536" errors="0" timestamp="2025-05-22T16:11:41 IST" skipped="0">
  <testcase classname="regression.AdactinHotelTC105" name="adactinHotelTestTC105" time="29.536"/>
  <system-out/>
</testsuite> <!-- regression.AdactinHotelTC105 -->
